  BaseGame.cpp
C:\Users\sgorg\Documents\TheKarateKidGame\TheKarateKid\DAE15_Gorgodze_Josef\Engine\BaseGame.cpp(219,42): warning C4244: 'argument': conversion from 'SDL_GameControllerAxis' to 'unsigned char', possible loss of data
C:\Users\sgorg\Documents\TheKarateKidGame\TheKarateKid\DAE15_Gorgodze_Josef\Engine\BaseGame.cpp(219,20): warning C4189: 'key': local variable is initialized but not referenced
C:\Program Files\Microsoft Visual Studio\2022\Enterprise\VC\Tools\MSVC\14.44.35207\include\utility(274,16): warning C4244: 'initializing': conversion from '_Ty' to '_Ty1', possible loss of data
C:\Program Files\Microsoft Visual Studio\2022\Enterprise\VC\Tools\MSVC\14.44.35207\include\utility(274,16): warning C4244:         with
C:\Program Files\Microsoft Visual Studio\2022\Enterprise\VC\Tools\MSVC\14.44.35207\include\utility(274,16): warning C4244:         [
C:\Program Files\Microsoft Visual Studio\2022\Enterprise\VC\Tools\MSVC\14.44.35207\include\utility(274,16): warning C4244:             _Ty=SDL_GameControllerButton
C:\Program Files\Microsoft Visual Studio\2022\Enterprise\VC\Tools\MSVC\14.44.35207\include\utility(274,16): warning C4244:         ]
C:\Program Files\Microsoft Visual Studio\2022\Enterprise\VC\Tools\MSVC\14.44.35207\include\utility(274,16): warning C4244:         and
C:\Program Files\Microsoft Visual Studio\2022\Enterprise\VC\Tools\MSVC\14.44.35207\include\utility(274,16): warning C4244:         [
C:\Program Files\Microsoft Visual Studio\2022\Enterprise\VC\Tools\MSVC\14.44.35207\include\utility(274,16): warning C4244:             _Ty1=const Uint8
C:\Program Files\Microsoft Visual Studio\2022\Enterprise\VC\Tools\MSVC\14.44.35207\include\utility(274,16): warning C4244:         ]
  (compiling source file 'BaseGame.cpp')
      C:\Program Files\Microsoft Visual Studio\2022\Enterprise\VC\Tools\MSVC\14.44.35207\include\utility(274,16):
      the template instantiation context (the oldest one first) is
          C:\Users\sgorg\Documents\TheKarateKidGame\TheKarateKid\DAE15_Gorgodze_Josef\Engine\BaseGame.cpp(262,3):
          see reference to function template instantiation 'std::pair<const Uint8,SDL_Scancode>::pair<SDL_GameControllerButton,SDL_Scancode,0>(_Other1 &&,_Other2 &&) noexcept' being compiled
          with
          [
              _Other1=SDL_GameControllerButton,
              _Other2=SDL_Scancode
          ]
              C:\Users\sgorg\Documents\TheKarateKidGame\TheKarateKid\DAE15_Gorgodze_Josef\Engine\BaseGame.cpp(261,18):
              see the first reference to 'std::pair<const Uint8,SDL_Scancode>::pair' in 'BaseGame::InitControllerMap'
  
  Matrix2x3.cpp
  SoundEffect.cpp
  SoundStream.cpp
  structs.cpp
  SVGParser.cpp
  Texture.cpp
  utils.cpp
  Vector2f.cpp
  Generating Code...
  Engine.vcxproj -> C:\Users\sgorg\Documents\TheKarateKidGame\TheKarateKid\DAE15_Gorgodze_Josef\x64\Debug\Engine.lib
